<?xml version="1.0" encoding="UTF-8"?>
<!-- Generated by org.testng.reporters.JUnitReportReporter -->
<testsuite hostname="DESKTOP-K1B1PKP" failures="0" tests="1" name="com.responseValidation.VerifyProjectName" time="2.190" errors="0" timestamp="2021-04-07T15:56:12 IST" skipped="0">
  <testcase classname="com.responseValidation.VerifyProjectName" name="deleteProject" time="2.190"/>
  <system-out/>
</testsuite> <!-- com.responseValidation.VerifyProjectName -->
