<?xml version="1.0" encoding="UTF-8"?>
<!-- Generated by org.testng.reporters.JUnitReportReporter -->
<testsuite hostname="DESKTOP-K1B1PKP" failures="0" tests="1" name="comrmg.yantra.projects.AddSingleProjectWithOnGoing" time="0.118" errors="0" timestamp="2021-04-07T17:16:49 IST" skipped="0">
  <testcase classname="comrmg.yantra.projects.AddSingleProjectWithOnGoing" name="createProject" time="0.118"/>
  <system-out/>
</testsuite> <!-- comrmg.yantra.projects.AddSingleProjectWithOnGoing -->
