<?xml version="1.0" encoding="UTF-8"?>
<!-- Generated by org.testng.reporters.JUnitReportReporter -->
<testsuite hostname="DESKTOP-K1B1PKP" failures="0" tests="1" name="com.authentication.BasicAuthTest" time="1.599" errors="0" timestamp="2021-04-07T15:57:46 IST" skipped="0">
  <testcase classname="com.authentication.BasicAuthTest" name="loginCheck" time="1.599"/>
  <system-out/>
</testsuite> <!-- com.authentication.BasicAuthTest -->
