<?xml version="1.0" encoding="UTF-8"?>
<!-- Generated by org.testng.reporters.JUnitReportReporter -->
<testsuite hostname="DESKTOP-K1B1PKP" failures="0" tests="1" name="com.rmg.projecttest.CreateProject2_BDD2_POJOClass" time="1.890" errors="0" timestamp="2021-04-06T13:43:46 IST" skipped="0">
  <testcase classname="com.rmg.projecttest.CreateProject2_BDD2_POJOClass" name="createProject" time="1.890"/>
  <system-out/>
</testsuite> <!-- com.rmg.projecttest.CreateProject2_BDD2_POJOClass -->
