<?xml version="1.0" encoding="UTF-8"?>
<!-- Generated by org.testng.reporters.JUnitReportReporter -->
<testsuite hostname="DESKTOP-K1B1PKP" failures="0" tests="1" name="com.authentication.BearerTokenTest" time="3.410" errors="0" timestamp="2021-04-07T16:14:22 IST" skipped="0">
  <testcase classname="com.authentication.BearerTokenTest" name="loginCheck" time="3.410"/>
  <system-out/>
</testsuite> <!-- com.authentication.BearerTokenTest -->
